<?xml version="1.0" encoding="UTF-8"?>
<!-- Generated by org.testng.reporters.JUnitReportReporter -->
<testsuite hostname="LAPTOP-3LFLAJM1" failures="0" tests="1" name="test.ValidateInfo" time="14.185" errors="0" timestamp="2022-09-14T20:35:05 IST" skipped="0">
  <testcase classname="test.ValidateInfo" name="run" time="14.185"/>
  <system-out/>
</testsuite> <!-- test.ValidateInfo -->
